2018-09-09 === [main] === INFO  === c.s.springboot.SpringBootMyServiceApplicationTests ==== Starting SpringBootMyServiceApplicationTests on H4CUGW1ZYXYC6M8 with PID 7952 (started by Administrator in E:\Development Projects\MyWebService)
2018-09-09 === [main] === INFO  === c.s.springboot.SpringBootMyServiceApplicationTests ==== No active profile set, falling back to default profiles: default
2018-09-09 === [main] === INFO  === o.s.w.context.support.GenericWebApplicationContext ==== Refreshing org.springframework.web.context.support.GenericWebApplicationContext@7e276594: startup date [Sun Sep 09 19:05:41 CST 2018]; root of context hierarchy
2018-09-09 === [main] === INFO  === com.sun.springboot.config.redisconfig ==== ==>初始化jedis连接池
2018-09-09 === [main] === INFO  === com.sun.springboot.config.redisconfig ==== ==>建立jedis连接，host: 127.0.0.1port: 6379
2018-09-09 === [main] === INFO  === o.s.w.s.m.m.a.RequestMappingHandlerAdapter ==== Looking for @ControllerAdvice: org.springframework.web.context.support.GenericWebApplicationContext@7e276594: startup date [Sun Sep 09 19:05:41 CST 2018]; root of context hierarchy
2018-09-09 === [main] === INFO  === o.s.w.s.m.m.a.RequestMappingHandlerMapping ==== Mapped "{[/memselect/{id}],methods=[GET]}" onto public com.sun.springboot.entity.Member com.sun.springboot.controller.MyServiveController.getMemberById(java.lang.Integer)
2018-09-09 === [main] === INFO  === o.s.w.s.m.m.a.RequestMappingHandlerMapping ==== Mapped "{[/memdelete/{id}],methods=[GET]}" onto public java.lang.String com.sun.springboot.controller.MyServiveController.deleteMember(java.lang.Integer)
2018-09-09 === [main] === INFO  === o.s.w.s.m.m.a.RequestMappingHandlerMapping ==== Mapped "{[/error]}" onto public org.springframework.http.ResponseEntity<java.util.Map<java.lang.String, java.lang.Object>> org.springframework.boot.autoconfigure.web.BasicErrorController.error(javax.servlet.http.HttpServletRequest)
2018-09-09 === [main] === INFO  === o.s.w.s.m.m.a.RequestMappingHandlerMapping ==== Mapped "{[/error],produces=[text/html]}" onto public org.springframework.web.servlet.ModelAndView org.springframework.boot.autoconfigure.web.BasicErrorController.errorHtml(javax.servlet.http.HttpServletRequest,javax.servlet.http.HttpServletResponse)
2018-09-09 === [main] === INFO  === o.s.web.servlet.handler.SimpleUrlHandlerMapping ==== Mapped URL path [/webjars/**] onto handler of type [class org.springframework.web.servlet.resource.ResourceHttpRequestHandler]
2018-09-09 === [main] === INFO  === o.s.web.servlet.handler.SimpleUrlHandlerMapping ==== Mapped URL path [/**] onto handler of type [class org.springframework.web.servlet.resource.ResourceHttpRequestHandler]
2018-09-09 === [main] === INFO  === o.s.web.servlet.handler.SimpleUrlHandlerMapping ==== Mapped URL path [/**/favicon.ico] onto handler of type [class org.springframework.web.servlet.resource.ResourceHttpRequestHandler]
2018-09-09 === [main] === INFO  === c.s.springboot.SpringBootMyServiceApplicationTests ==== Started SpringBootMyServiceApplicationTests in 5.887 seconds (JVM running for 7.515)
2018-09-09 === [main] === INFO  === c.s.springboot.SpringBootMyServiceApplicationTests ==== set key-value info in redis...
2018-09-09 === [Thread-1] === INFO  === o.s.w.context.support.GenericWebApplicationContext ==== Closing org.springframework.web.context.support.GenericWebApplicationContext@7e276594: startup date [Sun Sep 09 19:05:41 CST 2018]; root of context hierarchy
2018-09-09 === [main] === INFO  === c.s.springboot.SpringBootMyServiceApplicationTests ==== Starting SpringBootMyServiceApplicationTests on H4CUGW1ZYXYC6M8 with PID 9504 (started by Administrator in E:\Development Projects\MyWebService)
2018-09-09 === [main] === INFO  === c.s.springboot.SpringBootMyServiceApplicationTests ==== No active profile set, falling back to default profiles: default
2018-09-09 === [main] === INFO  === o.s.w.context.support.GenericWebApplicationContext ==== Refreshing org.springframework.web.context.support.GenericWebApplicationContext@7e276594: startup date [Sun Sep 09 19:06:56 CST 2018]; root of context hierarchy
2018-09-09 === [main] === INFO  === com.sun.springboot.config.redisconfig ==== ==>初始化jedis连接池
2018-09-09 === [main] === INFO  === com.sun.springboot.config.redisconfig ==== ==>建立jedis连接，host: 127.0.0.1port: 6379
2018-09-09 === [main] === INFO  === o.s.w.s.m.m.a.RequestMappingHandlerAdapter ==== Looking for @ControllerAdvice: org.springframework.web.context.support.GenericWebApplicationContext@7e276594: startup date [Sun Sep 09 19:06:56 CST 2018]; root of context hierarchy
2018-09-09 === [main] === INFO  === o.s.w.s.m.m.a.RequestMappingHandlerMapping ==== Mapped "{[/memselect/{id}],methods=[GET]}" onto public com.sun.springboot.entity.Member com.sun.springboot.controller.MyServiveController.getMemberById(java.lang.Integer)
2018-09-09 === [main] === INFO  === o.s.w.s.m.m.a.RequestMappingHandlerMapping ==== Mapped "{[/memdelete/{id}],methods=[GET]}" onto public java.lang.String com.sun.springboot.controller.MyServiveController.deleteMember(java.lang.Integer)
2018-09-09 === [main] === INFO  === o.s.w.s.m.m.a.RequestMappingHandlerMapping ==== Mapped "{[/error]}" onto public org.springframework.http.ResponseEntity<java.util.Map<java.lang.String, java.lang.Object>> org.springframework.boot.autoconfigure.web.BasicErrorController.error(javax.servlet.http.HttpServletRequest)
2018-09-09 === [main] === INFO  === o.s.w.s.m.m.a.RequestMappingHandlerMapping ==== Mapped "{[/error],produces=[text/html]}" onto public org.springframework.web.servlet.ModelAndView org.springframework.boot.autoconfigure.web.BasicErrorController.errorHtml(javax.servlet.http.HttpServletRequest,javax.servlet.http.HttpServletResponse)
2018-09-09 === [main] === INFO  === o.s.web.servlet.handler.SimpleUrlHandlerMapping ==== Mapped URL path [/webjars/**] onto handler of type [class org.springframework.web.servlet.resource.ResourceHttpRequestHandler]
2018-09-09 === [main] === INFO  === o.s.web.servlet.handler.SimpleUrlHandlerMapping ==== Mapped URL path [/**] onto handler of type [class org.springframework.web.servlet.resource.ResourceHttpRequestHandler]
2018-09-09 === [main] === INFO  === o.s.web.servlet.handler.SimpleUrlHandlerMapping ==== Mapped URL path [/**/favicon.ico] onto handler of type [class org.springframework.web.servlet.resource.ResourceHttpRequestHandler]
2018-09-09 === [main] === INFO  === c.s.springboot.SpringBootMyServiceApplicationTests ==== Started SpringBootMyServiceApplicationTests in 6.171 seconds (JVM running for 8.015)
2018-09-09 === [main] === INFO  === c.s.springboot.SpringBootMyServiceApplicationTests ==== set key-value info in redis...
2018-09-09 === [Thread-1] === INFO  === o.s.w.context.support.GenericWebApplicationContext ==== Closing org.springframework.web.context.support.GenericWebApplicationContext@7e276594: startup date [Sun Sep 09 19:06:56 CST 2018]; root of context hierarchy
2018-09-09 === [main] === INFO  === c.s.springboot.SpringBootMyServiceApplicationTests ==== Starting SpringBootMyServiceApplicationTests on H4CUGW1ZYXYC6M8 with PID 4948 (started by Administrator in E:\Development Projects\MyWebService)
2018-09-09 === [main] === INFO  === c.s.springboot.SpringBootMyServiceApplicationTests ==== No active profile set, falling back to default profiles: default
2018-09-09 === [main] === INFO  === o.s.w.context.support.GenericWebApplicationContext ==== Refreshing org.springframework.web.context.support.GenericWebApplicationContext@7e276594: startup date [Sun Sep 09 19:07:22 CST 2018]; root of context hierarchy
2018-09-09 === [main] === INFO  === com.sun.springboot.config.redisconfig ==== ==>初始化jedis连接池
2018-09-09 === [main] === INFO  === com.sun.springboot.config.redisconfig ==== ==>建立jedis连接，host: 127.0.0.1port: 6379
2018-09-09 === [main] === INFO  === o.s.w.s.m.m.a.RequestMappingHandlerAdapter ==== Looking for @ControllerAdvice: org.springframework.web.context.support.GenericWebApplicationContext@7e276594: startup date [Sun Sep 09 19:07:22 CST 2018]; root of context hierarchy
2018-09-09 === [main] === INFO  === o.s.w.s.m.m.a.RequestMappingHandlerMapping ==== Mapped "{[/memselect/{id}],methods=[GET]}" onto public com.sun.springboot.entity.Member com.sun.springboot.controller.MyServiveController.getMemberById(java.lang.Integer)
2018-09-09 === [main] === INFO  === o.s.w.s.m.m.a.RequestMappingHandlerMapping ==== Mapped "{[/memdelete/{id}],methods=[GET]}" onto public java.lang.String com.sun.springboot.controller.MyServiveController.deleteMember(java.lang.Integer)
2018-09-09 === [main] === INFO  === o.s.w.s.m.m.a.RequestMappingHandlerMapping ==== Mapped "{[/error]}" onto public org.springframework.http.ResponseEntity<java.util.Map<java.lang.String, java.lang.Object>> org.springframework.boot.autoconfigure.web.BasicErrorController.error(javax.servlet.http.HttpServletRequest)
2018-09-09 === [main] === INFO  === o.s.w.s.m.m.a.RequestMappingHandlerMapping ==== Mapped "{[/error],produces=[text/html]}" onto public org.springframework.web.servlet.ModelAndView org.springframework.boot.autoconfigure.web.BasicErrorController.errorHtml(javax.servlet.http.HttpServletRequest,javax.servlet.http.HttpServletResponse)
2018-09-09 === [main] === INFO  === o.s.web.servlet.handler.SimpleUrlHandlerMapping ==== Mapped URL path [/webjars/**] onto handler of type [class org.springframework.web.servlet.resource.ResourceHttpRequestHandler]
2018-09-09 === [main] === INFO  === o.s.web.servlet.handler.SimpleUrlHandlerMapping ==== Mapped URL path [/**] onto handler of type [class org.springframework.web.servlet.resource.ResourceHttpRequestHandler]
2018-09-09 === [main] === INFO  === o.s.web.servlet.handler.SimpleUrlHandlerMapping ==== Mapped URL path [/**/favicon.ico] onto handler of type [class org.springframework.web.servlet.resource.ResourceHttpRequestHandler]
2018-09-09 === [main] === INFO  === c.s.springboot.SpringBootMyServiceApplicationTests ==== Started SpringBootMyServiceApplicationTests in 6.389 seconds (JVM running for 8.084)
2018-09-09 === [main] === INFO  === c.s.springboot.SpringBootMyServiceApplicationTests ==== get key-value info in redis...
2018-09-09 === [main] === INFO  === c.s.springboot.SpringBootMyServiceApplicationTests ==== Value1
2018-09-09 === [Thread-1] === INFO  === o.s.w.context.support.GenericWebApplicationContext ==== Closing org.springframework.web.context.support.GenericWebApplicationContext@7e276594: startup date [Sun Sep 09 19:07:22 CST 2018]; root of context hierarchy
